{"C:\\Users\\S1236688\\OneDrive - Syngenta\\Documents\\syngenta\\op\\package-node-planting-common-ops\\src\\index.ts": {"path":"C:\\Users\\S1236688\\OneDrive - Syngenta\\Documents\\syngenta\\op\\package-node-planting-common-ops\\src\\index.ts","statementMap":{"0":{"start":{"line":1,"column":0},"end":{"line":1,"column":48}}},"fnMap":{},"branchMap":{},"s":{"0":0},"f":{},"b":{}}
,"C:\\Users\\S1236688\\OneDrive - Syngenta\\Documents\\syngenta\\op\\package-node-planting-common-ops\\src\\cli\\cli.ts": {"path":"C:\\Users\\S1236688\\OneDrive - Syngenta\\Documents\\syngenta\\op\\package-node-planting-common-ops\\src\\cli\\cli.ts","statementMap":{"0":{"start":{"line":15,"column":0},"end":{"line":15,"column":31}},"1":{"start":{"line":16,"column":0},"end":{"line":16,"column":39}},"2":{"start":{"line":17,"column":0},"end":{"line":17,"column":39}},"3":{"start":{"line":23,"column":0},"end":{"line":44,"column":5}},"4":{"start":{"line":27,"column":15},"end":{"line":27,"column":68}},"5":{"start":{"line":28,"column":2},"end":{"line":43,"column":4}},"6":{"start":{"line":31,"column":22},"end":{"line":32,"column":null}},"7":{"start":{"line":34,"column":6},"end":{"line":34,"column":27}},"8":{"start":{"line":35,"column":6},"end":{"line":35,"column":49}},"9":{"start":{"line":36,"column":6},"end":{"line":36,"column":45}},"10":{"start":{"line":37,"column":6},"end":{"line":39,"column":7}},"11":{"start":{"line":38,"column":8},"end":{"line":38,"column":21}},"12":{"start":{"line":40,"column":6},"end":{"line":40,"column":48}},"13":{"start":{"line":41,"column":6},"end":{"line":41,"column":18}},"14":{"start":{"line":22,"column":0},"end":{"line":22,"column":16}},"15":{"start":{"line":54,"column":2},"end":{"line":59,"column":3}},"16":{"start":{"line":55,"column":4},"end":{"line":55,"column":21}},"17":{"start":{"line":56,"column":4},"end":{"line":56,"column":16}},"18":{"start":{"line":57,"column":19},"end":{"line":57,"column":null}},"19":{"start":{"line":60,"column":2},"end":{"line":60,"column":15}},"20":{"start":{"line":53,"column":0},"end":{"line":53,"column":7}}},"fnMap":{"0":{"name":"main","decl":{"start":{"line":22,"column":16},"end":{"line":22,"column":20}},"loc":{"start":{"line":22,"column":20},"end":{"line":45,"column":1}}},"1":{"name":"(anonymous_1)","decl":{"start":{"line":23,"column":1},"end":{"line":23,"column":6}},"loc":{"start":{"line":23,"column":12},"end":{"line":44,"column":1}}},"2":{"name":"(anonymous_2)","decl":{"start":{"line":30,"column":13},"end":{"line":30,"column":18}},"loc":{"start":{"line":30,"column":35},"end":{"line":42,"column":5}}},"3":{"name":"doesFileExists","decl":{"start":{"line":53,"column":22},"end":{"line":53,"column":36}},"loc":{"start":{"line":53,"column":49},"end":{"line":61,"column":1}}}},"branchMap":{"0":{"loc":{"start":{"line":37,"column":6},"end":{"line":39,"column":7}},"type":"if","locations":[{"start":{"line":37,"column":6},"end":{"line":39,"column":7}}]}},"s":{"0":1,"1":1,"2":1,"3":1,"4":1,"5":1,"6":6,"7":6,"8":6,"9":0,"10":0,"11":0,"12":0,"13":0,"14":1,"15":8,"16":8,"17":1,"18":1,"19":1,"20":1},"f":{"0":1,"1":1,"2":6,"3":8},"b":{"0":[0]}}
,"C:\\Users\\S1236688\\OneDrive - Syngenta\\Documents\\syngenta\\op\\package-node-planting-common-ops\\src\\modules\\secret-manager-client\\index.ts": {"path":"C:\\Users\\S1236688\\OneDrive - Syngenta\\Documents\\syngenta\\op\\package-node-planting-common-ops\\src\\modules\\secret-manager-client\\index.ts","statementMap":{"0":{"start":{"line":1,"column":0},"end":{"line":1,"column":null}},"1":{"start":{"line":15,"column":0},"end":{"line":15,"column":43}},"2":{"start":{"line":16,"column":0},"end":{"line":16,"column":41}},"3":{"start":{"line":34,"column":21},"end":{"line":34,"column":79}},"4":{"start":{"line":31,"column":10},"end":{"line":31,"column":49}},"5":{"start":{"line":36,"column":4},"end":{"line":38,"column":7}},"6":{"start":{"line":42,"column":16},"end":{"line":42,"column":55}},"7":{"start":{"line":43,"column":4},"end":{"line":43,"column":75}},"8":{"start":{"line":47,"column":14},"end":{"line":47,"column":69}},"9":{"start":{"line":48,"column":4},"end":{"line":50,"column":5}},"10":{"start":{"line":49,"column":6},"end":{"line":49,"column":68}},"11":{"start":{"line":52,"column":46},"end":{"line":52,"column":48}},"12":{"start":{"line":53,"column":28},"end":{"line":53,"column":38}},"13":{"start":{"line":54,"column":4},"end":{"line":71,"column":6}},"14":{"start":{"line":56,"column":42},"end":{"line":57,"column":null}},"15":{"start":{"line":59,"column":8},"end":{"line":59,"column":31}},"16":{"start":{"line":60,"column":8},"end":{"line":68,"column":9}},"17":{"start":{"line":61,"column":10},"end":{"line":67,"column":13}},"18":{"start":{"line":61,"column":38},"end":{"line":61,"column":45}},"19":{"start":{"line":62,"column":42},"end":{"line":62,"column":207}},"20":{"start":{"line":63,"column":24},"end":{"line":64,"column":null}},"21":{"start":{"line":66,"column":12},"end":{"line":66,"column":36}},"22":{"start":{"line":70,"column":18},"end":{"line":70,"column":27}},"23":{"start":{"line":73,"column":4},"end":{"line":87,"column":11}},"24":{"start":{"line":74,"column":6},"end":{"line":86,"column":7}},"25":{"start":{"line":75,"column":8},"end":{"line":80,"column":10}},"26":{"start":{"line":82,"column":8},"end":{"line":84,"column":10}},"27":{"start":{"line":85,"column":8},"end":{"line":85,"column":19}},"28":{"start":{"line":89,"column":4},"end":{"line":89,"column":29}},"29":{"start":{"line":95,"column":46},"end":{"line":95,"column":48}},"30":{"start":{"line":96,"column":28},"end":{"line":96,"column":38}},"31":{"start":{"line":97,"column":4},"end":{"line":115,"column":6}},"32":{"start":{"line":99,"column":42},"end":{"line":100,"column":null}},"33":{"start":{"line":102,"column":8},"end":{"line":102,"column":31}},"34":{"start":{"line":103,"column":8},"end":{"line":112,"column":9}},"35":{"start":{"line":104,"column":26},"end":{"line":104,"column":57}},"36":{"start":{"line":104,"column":49},"end":{"line":104,"column":56}},"37":{"start":{"line":105,"column":40},"end":{"line":107,"column":12}},"38":{"start":{"line":108,"column":35},"end":{"line":109,"column":null}},"39":{"start":{"line":111,"column":10},"end":{"line":111,"column":47}},"40":{"start":{"line":114,"column":18},"end":{"line":114,"column":27}},"41":{"start":{"line":117,"column":4},"end":{"line":131,"column":11}},"42":{"start":{"line":118,"column":6},"end":{"line":130,"column":7}},"43":{"start":{"line":119,"column":8},"end":{"line":124,"column":10}},"44":{"start":{"line":126,"column":8},"end":{"line":128,"column":10}},"45":{"start":{"line":129,"column":8},"end":{"line":129,"column":19}},"46":{"start":{"line":133,"column":4},"end":{"line":133,"column":29}},"47":{"start":{"line":139,"column":21},"end":{"line":139,"column":42}},"48":{"start":{"line":141,"column":4},"end":{"line":143,"column":62}},"49":{"start":{"line":142,"column":6},"end":{"line":142,"column":51}},"50":{"start":{"line":143,"column":11},"end":{"line":143,"column":62}},"51":{"start":{"line":149,"column":4},"end":{"line":151,"column":51}},"52":{"start":{"line":150,"column":6},"end":{"line":150,"column":46}},"53":{"start":{"line":151,"column":11},"end":{"line":151,"column":51}},"54":{"start":{"line":157,"column":16},"end":{"line":157,"column":49}},"55":{"start":{"line":158,"column":20},"end":{"line":158,"column":61}},"56":{"start":{"line":159,"column":4},"end":{"line":159,"column":19}},"57":{"start":{"line":165,"column":14},"end":{"line":165,"column":105}},"58":{"start":{"line":166,"column":4},"end":{"line":168,"column":5}},"59":{"start":{"line":167,"column":6},"end":{"line":167,"column":68}},"60":{"start":{"line":169,"column":4},"end":{"line":169,"column":59}},"61":{"start":{"line":173,"column":4},"end":{"line":175,"column":38}},"62":{"start":{"line":179,"column":4},"end":{"line":179,"column":29}},"63":{"start":{"line":183,"column":4},"end":{"line":183,"column":51}},"64":{"start":{"line":184,"column":4},"end":{"line":188,"column":5}},"65":{"start":{"line":186,"column":8},"end":{"line":186,"column":75}},"66":{"start":{"line":187,"column":6},"end":{"line":187,"column":69}},"67":{"start":{"line":192,"column":16},"end":{"line":192,"column":55}},"68":{"start":{"line":193,"column":4},"end":{"line":195,"column":5}},"69":{"start":{"line":194,"column":6},"end":{"line":194,"column":70}},"70":{"start":{"line":197,"column":6},"end":{"line":197,"column":69}},"71":{"start":{"line":198,"column":4},"end":{"line":198,"column":46}},"72":{"start":{"line":26,"column":0},"end":{"line":26,"column":13}}},"fnMap":{"0":{"name":"(anonymous_0)","decl":{"start":{"line":33,"column":2},"end":{"line":33,"column":null}},"loc":{"start":{"line":34,"column":79},"end":{"line":39,"column":3}}},"1":{"name":"(anonymous_1)","decl":{"start":{"line":41,"column":10},"end":{"line":41,"column":26}},"loc":{"start":{"line":41,"column":26},"end":{"line":44,"column":3}}},"2":{"name":"(anonymous_2)","decl":{"start":{"line":46,"column":10},"end":{"line":46,"column":15}},"loc":{"start":{"line":46,"column":68},"end":{"line":90,"column":3}}},"3":{"name":"(anonymous_3)","decl":{"start":{"line":55,"column":15},"end":{"line":55,"column":20}},"loc":{"start":{"line":55,"column":26},"end":{"line":69,"column":7}}},"4":{"name":"(anonymous_4)","decl":{"start":{"line":61,"column":26},"end":{"line":61,"column":27}},"loc":{"start":{"line":61,"column":38},"end":{"line":61,"column":45}}},"5":{"name":"(anonymous_5)","decl":{"start":{"line":61,"column":56},"end":{"line":61,"column":57}},"loc":{"start":{"line":61,"column":70},"end":{"line":67,"column":11}}},"6":{"name":"(anonymous_6)","decl":{"start":{"line":70,"column":6},"end":{"line":70,"column":11}},"loc":{"start":{"line":70,"column":18},"end":{"line":70,"column":27}}},"7":{"name":"(anonymous_7)","decl":{"start":{"line":73,"column":46},"end":{"line":73,"column":47}},"loc":{"start":{"line":73,"column":60},"end":{"line":87,"column":5}}},"8":{"name":"(anonymous_8)","decl":{"start":{"line":92,"column":10},"end":{"line":92,"column":15}},"loc":{"start":{"line":94,"column":24},"end":{"line":134,"column":3}}},"9":{"name":"(anonymous_9)","decl":{"start":{"line":98,"column":15},"end":{"line":98,"column":20}},"loc":{"start":{"line":98,"column":26},"end":{"line":113,"column":7}}},"10":{"name":"(anonymous_10)","decl":{"start":{"line":104,"column":42},"end":{"line":104,"column":43}},"loc":{"start":{"line":104,"column":49},"end":{"line":104,"column":56}}},"11":{"name":"(anonymous_11)","decl":{"start":{"line":114,"column":6},"end":{"line":114,"column":11}},"loc":{"start":{"line":114,"column":18},"end":{"line":114,"column":27}}},"12":{"name":"(anonymous_12)","decl":{"start":{"line":117,"column":46},"end":{"line":117,"column":47}},"loc":{"start":{"line":117,"column":60},"end":{"line":131,"column":5}}},"13":{"name":"(anonymous_13)","decl":{"start":{"line":136,"column":9},"end":{"line":136,"column":14}},"loc":{"start":{"line":138,"column":24},"end":{"line":144,"column":3}}},"14":{"name":"(anonymous_14)","decl":{"start":{"line":146,"column":9},"end":{"line":146,"column":14}},"loc":{"start":{"line":147,"column":38},"end":{"line":152,"column":3}}},"15":{"name":"(anonymous_15)","decl":{"start":{"line":154,"column":10},"end":{"line":154,"column":15}},"loc":{"start":{"line":155,"column":38},"end":{"line":160,"column":3}}},"16":{"name":"(anonymous_16)","decl":{"start":{"line":162,"column":10},"end":{"line":162,"column":15}},"loc":{"start":{"line":163,"column":38},"end":{"line":170,"column":3}}},"17":{"name":"(anonymous_17)","decl":{"start":{"line":172,"column":9},"end":{"line":172,"column":23}},"loc":{"start":{"line":172,"column":62},"end":{"line":176,"column":3}}},"18":{"name":"(anonymous_18)","decl":{"start":{"line":178,"column":9},"end":{"line":178,"column":27}},"loc":{"start":{"line":178,"column":27},"end":{"line":180,"column":3}}},"19":{"name":"(anonymous_19)","decl":{"start":{"line":182,"column":9},"end":{"line":182,"column":14}},"loc":{"start":{"line":182,"column":42},"end":{"line":189,"column":3}}},"20":{"name":"(anonymous_20)","decl":{"start":{"line":191,"column":2},"end":{"line":191,"column":8}},"loc":{"start":{"line":191,"column":40},"end":{"line":199,"column":3}}}},"branchMap":{"0":{"loc":{"start":{"line":42,"column":16},"end":{"line":42,"column":55}},"type":"cond-expr","locations":[{"start":{"line":42,"column":36},"end":{"line":42,"column":40}},{"start":{"line":42,"column":40},"end":{"line":42,"column":55}}]},"1":{"loc":{"start":{"line":42,"column":16},"end":{"line":42,"column":40}},"type":"binary-expr","locations":[{"start":{"line":42,"column":16},"end":{"line":42,"column":40}},{"start":{"line":42,"column":36},"end":{"line":42,"column":40}}]},"2":{"loc":{"start":{"line":43,"column":11},"end":{"line":43,"column":74}},"type":"cond-expr","locations":[{"start":{"line":43,"column":34},"end":{"line":43,"column":40}},{"start":{"line":43,"column":43},"end":{"line":43,"column":74}}]},"3":{"loc":{"start":{"line":43,"column":43},"end":{"line":43,"column":74}},"type":"cond-expr","locations":[{"start":{"line":43,"column":63},"end":{"line":43,"column":68}},{"start":{"line":43,"column":71},"end":{"line":43,"column":74}}]},"4":{"loc":{"start":{"line":48,"column":4},"end":{"line":50,"column":5}},"type":"if","locations":[{"start":{"line":48,"column":4},"end":{"line":50,"column":5}}]},"5":{"loc":{"start":{"line":49,"column":27},"end":{"line":49,"column":65}},"type":"cond-expr","locations":[{"start":{"line":49,"column":50},"end":{"line":49,"column":52}},{"start":{"line":49,"column":50},"end":{"line":49,"column":65}}]},"6":{"loc":{"start":{"line":49,"column":27},"end":{"line":49,"column":52}},"type":"binary-expr","locations":[{"start":{"line":49,"column":27},"end":{"line":49,"column":52}},{"start":{"line":49,"column":50},"end":{"line":49,"column":52}}]},"7":{"loc":{"start":{"line":60,"column":8},"end":{"line":68,"column":9}},"type":"if","locations":[{"start":{"line":60,"column":8},"end":{"line":68,"column":9}}]},"8":{"loc":{"start":{"line":60,"column":12},"end":{"line":60,"column":30}},"type":"cond-expr","locations":[{"start":{"line":60,"column":22},"end":{"line":60,"column":24}},{"start":{"line":60,"column":12},"end":{"line":60,"column":30}}]},"9":{"loc":{"start":{"line":60,"column":12},"end":{"line":60,"column":24}},"type":"binary-expr","locations":[{"start":{"line":60,"column":12},"end":{"line":60,"column":24}},{"start":{"line":60,"column":12},"end":{"line":60,"column":24}}]},"10":{"loc":{"start":{"line":61,"column":10},"end":{"line":67,"column":12}},"type":"cond-expr","locations":[{"start":{"line":61,"column":46},"end":{"line":61,"column":48}},{"start":{"line":61,"column":46},"end":{"line":67,"column":12}}]},"11":{"loc":{"start":{"line":61,"column":10},"end":{"line":61,"column":48}},"type":"binary-expr","locations":[{"start":{"line":61,"column":10},"end":{"line":61,"column":48}},{"start":{"line":61,"column":46},"end":{"line":61,"column":48}}]},"12":{"loc":{"start":{"line":61,"column":10},"end":{"line":61,"column":46}},"type":"cond-expr","locations":[{"start":{"line":61,"column":20},"end":{"line":61,"column":22}},{"start":{"line":61,"column":10},"end":{"line":61,"column":46}}]},"13":{"loc":{"start":{"line":61,"column":10},"end":{"line":61,"column":22}},"type":"binary-expr","locations":[{"start":{"line":61,"column":10},"end":{"line":61,"column":22}},{"start":{"line":61,"column":10},"end":{"line":61,"column":22}}]},"14":{"loc":{"start":{"line":62,"column":120},"end":{"line":62,"column":205}},"type":"cond-expr","locations":[{"start":{"line":62,"column":146},"end":{"line":62,"column":200}},{"start":{"line":62,"column":203},"end":{"line":62,"column":205}}]},"15":{"loc":{"start":{"line":62,"column":160},"end":{"line":62,"column":198}},"type":"cond-expr","locations":[{"start":{"line":62,"column":183},"end":{"line":62,"column":185}},{"start":{"line":62,"column":183},"end":{"line":62,"column":198}}]},"16":{"loc":{"start":{"line":62,"column":160},"end":{"line":62,"column":185}},"type":"binary-expr","locations":[{"start":{"line":62,"column":160},"end":{"line":62,"column":185}},{"start":{"line":62,"column":183},"end":{"line":62,"column":185}}]},"17":{"loc":{"start":{"line":73,"column":24},"end":{"line":87,"column":10}},"type":"cond-expr","locations":[{"start":{"line":73,"column":37},"end":{"line":73,"column":39}},{"start":{"line":73,"column":24},"end":{"line":87,"column":10}}]},"18":{"loc":{"start":{"line":73,"column":24},"end":{"line":73,"column":39}},"type":"binary-expr","locations":[{"start":{"line":73,"column":24},"end":{"line":73,"column":39}},{"start":{"line":73,"column":24},"end":{"line":73,"column":39}}]},"19":{"loc":{"start":{"line":77,"column":25},"end":{"line":79,"column":32}},"type":"cond-expr","locations":[{"start":{"line":78,"column":14},"end":{"line":78,"column":44}},{"start":{"line":79,"column":14},"end":{"line":79,"column":32}}]},"20":{"loc":{"start":{"line":103,"column":8},"end":{"line":112,"column":9}},"type":"if","locations":[{"start":{"line":103,"column":8},"end":{"line":112,"column":9}}]},"21":{"loc":{"start":{"line":103,"column":12},"end":{"line":103,"column":30}},"type":"cond-expr","locations":[{"start":{"line":103,"column":22},"end":{"line":103,"column":24}},{"start":{"line":103,"column":12},"end":{"line":103,"column":30}}]},"22":{"loc":{"start":{"line":103,"column":12},"end":{"line":103,"column":24}},"type":"binary-expr","locations":[{"start":{"line":103,"column":12},"end":{"line":103,"column":24}},{"start":{"line":103,"column":12},"end":{"line":103,"column":24}}]},"23":{"loc":{"start":{"line":104,"column":26},"end":{"line":104,"column":57}},"type":"cond-expr","locations":[{"start":{"line":104,"column":36},"end":{"line":104,"column":38}},{"start":{"line":104,"column":26},"end":{"line":104,"column":57}}]},"24":{"loc":{"start":{"line":104,"column":26},"end":{"line":104,"column":38}},"type":"binary-expr","locations":[{"start":{"line":104,"column":26},"end":{"line":104,"column":38}},{"start":{"line":104,"column":26},"end":{"line":104,"column":38}}]},"25":{"loc":{"start":{"line":117,"column":24},"end":{"line":131,"column":10}},"type":"cond-expr","locations":[{"start":{"line":117,"column":37},"end":{"line":117,"column":39}},{"start":{"line":117,"column":24},"end":{"line":131,"column":10}}]},"26":{"loc":{"start":{"line":117,"column":24},"end":{"line":117,"column":39}},"type":"binary-expr","locations":[{"start":{"line":117,"column":24},"end":{"line":117,"column":39}},{"start":{"line":117,"column":24},"end":{"line":117,"column":39}}]},"27":{"loc":{"start":{"line":121,"column":25},"end":{"line":123,"column":32}},"type":"cond-expr","locations":[{"start":{"line":122,"column":14},"end":{"line":122,"column":44}},{"start":{"line":123,"column":14},"end":{"line":123,"column":32}}]},"28":{"loc":{"start":{"line":141,"column":4},"end":{"line":143,"column":62}},"type":"if","locations":[{"start":{"line":141,"column":4},"end":{"line":143,"column":62}},{"start":{"line":143,"column":11},"end":{"line":143,"column":62}}]},"29":{"loc":{"start":{"line":149,"column":4},"end":{"line":151,"column":51}},"type":"if","locations":[{"start":{"line":149,"column":4},"end":{"line":151,"column":51}},{"start":{"line":151,"column":11},"end":{"line":151,"column":51}}]},"30":{"loc":{"start":{"line":166,"column":4},"end":{"line":168,"column":5}},"type":"if","locations":[{"start":{"line":166,"column":4},"end":{"line":168,"column":5}}]},"31":{"loc":{"start":{"line":167,"column":27},"end":{"line":167,"column":65}},"type":"cond-expr","locations":[{"start":{"line":167,"column":50},"end":{"line":167,"column":52}},{"start":{"line":167,"column":50},"end":{"line":167,"column":65}}]},"32":{"loc":{"start":{"line":167,"column":27},"end":{"line":167,"column":52}},"type":"binary-expr","locations":[{"start":{"line":167,"column":27},"end":{"line":167,"column":52}},{"start":{"line":167,"column":50},"end":{"line":167,"column":52}}]},"33":{"loc":{"start":{"line":173,"column":11},"end":{"line":175,"column":37}},"type":"cond-expr","locations":[{"start":{"line":174,"column":8},"end":{"line":174,"column":49}},{"start":{"line":175,"column":8},"end":{"line":175,"column":37}}]},"34":{"loc":{"start":{"line":186,"column":8},"end":{"line":186,"column":75}},"type":"cond-expr","locations":[{"start":{"line":186,"column":34},"end":{"line":186,"column":39}},{"start":{"line":186,"column":43},"end":{"line":186,"column":75}}]},"35":{"loc":{"start":{"line":192,"column":16},"end":{"line":192,"column":55}},"type":"cond-expr","locations":[{"start":{"line":192,"column":36},"end":{"line":192,"column":40}},{"start":{"line":192,"column":40},"end":{"line":192,"column":55}}]},"36":{"loc":{"start":{"line":192,"column":16},"end":{"line":192,"column":40}},"type":"binary-expr","locations":[{"start":{"line":192,"column":16},"end":{"line":192,"column":40}},{"start":{"line":192,"column":36},"end":{"line":192,"column":40}}]},"37":{"loc":{"start":{"line":193,"column":4},"end":{"line":195,"column":5}},"type":"if","locations":[{"start":{"line":193,"column":4},"end":{"line":195,"column":5}}]},"38":{"loc":{"start":{"line":197,"column":6},"end":{"line":197,"column":69}},"type":"cond-expr","locations":[{"start":{"line":197,"column":29},"end":{"line":197,"column":35}},{"start":{"line":197,"column":38},"end":{"line":197,"column":69}}]},"39":{"loc":{"start":{"line":197,"column":38},"end":{"line":197,"column":69}},"type":"cond-expr","locations":[{"start":{"line":197,"column":58},"end":{"line":197,"column":63}},{"start":{"line":197,"column":66},"end":{"line":197,"column":69}}]}},"s":{"0":0,"1":0,"2":0,"3":0,"4":0,"5":0,"6":0,"7":0,"8":0,"9":0,"10":0,"11":0,"12":0,"13":0,"14":0,"15":0,"16":0,"17":0,"18":0,"19":0,"20":0,"21":0,"22":0,"23":0,"24":0,"25":0,"26":0,"27":0,"28":0,"29":0,"30":0,"31":0,"32":0,"33":0,"34":0,"35":0,"36":0,"37":0,"38":0,"39":0,"40":0,"41":0,"42":0,"43":0,"44":0,"45":0,"46":0,"47":0,"48":0,"49":0,"50":0,"51":0,"52":0,"53":0,"54":0,"55":0,"56":0,"57":0,"58":0,"59":0,"60":0,"61":0,"62":0,"63":0,"64":0,"65":0,"66":0,"67":0,"68":0,"69":0,"70":0,"71":0,"72":0},"f":{"0":0,"1":0,"2":0,"3":0,"4":0,"5":0,"6":0,"7":0,"8":0,"9":0,"10":0,"11":0,"12":0,"13":0,"14":0,"15":0,"16":0,"17":0,"18":0,"19":0,"20":0},"b":{"0":[0,0],"1":[0,0],"2":[0,0],"3":[0,0],"4":[0],"5":[0,0],"6":[0,0],"7":[0],"8":[0,0],"9":[0,0],"10":[0,0],"11":[0,0],"12":[0,0],"13":[0,0],"14":[0,0],"15":[0,0],"16":[0,0],"17":[0,0],"18":[0,0],"19":[0,0],"20":[0],"21":[0,0],"22":[0,0],"23":[0,0],"24":[0,0],"25":[0,0],"26":[0,0],"27":[0,0],"28":[0,0],"29":[0,0],"30":[0],"31":[0,0],"32":[0,0],"33":[0,0],"34":[0,0],"35":[0,0],"36":[0,0],"37":[0],"38":[0,0],"39":[0,0]}}
}
