TN:
SF:src\index.ts
FNF:0
FNH:0
DA:1,0
LF:1
LH:0
BRF:0
BRH:0
end_of_record
TN:
SF:src\cli\cli.ts
FN:22,main
FN:23,(anonymous_1)
FN:30,(anonymous_2)
FN:53,doesFileExists
FNF:4
FNH:4
FNDA:1,main
FNDA:1,(anonymous_1)
FNDA:6,(anonymous_2)
FNDA:8,doesFileExists
DA:15,1
DA:16,1
DA:17,1
DA:22,1
DA:23,1
DA:27,1
DA:28,1
DA:31,6
DA:34,6
DA:35,6
DA:36,0
DA:37,0
DA:38,0
DA:40,0
DA:41,0
DA:53,1
DA:54,8
DA:55,8
DA:56,1
DA:57,1
DA:60,1
LF:21
LH:16
BRDA:37,0,0,0
BRF:1
BRH:0
end_of_record
TN:
SF:src\modules\secret-manager-client\index.ts
FN:33,(anonymous_0)
FN:41,(anonymous_1)
FN:46,(anonymous_2)
FN:55,(anonymous_3)
FN:61,(anonymous_4)
FN:61,(anonymous_5)
FN:70,(anonymous_6)
FN:73,(anonymous_7)
FN:92,(anonymous_8)
FN:98,(anonymous_9)
FN:104,(anonymous_10)
FN:114,(anonymous_11)
FN:117,(anonymous_12)
FN:136,(anonymous_13)
FN:146,(anonymous_14)
FN:154,(anonymous_15)
FN:162,(anonymous_16)
FN:172,(anonymous_17)
FN:178,(anonymous_18)
FN:182,(anonymous_19)
FN:191,(anonymous_20)
FNF:21
FNH:0
FNDA:0,(anonymous_0)
FNDA:0,(anonymous_1)
FNDA:0,(anonymous_2)
FNDA:0,(anonymous_3)
FNDA:0,(anonymous_4)
FNDA:0,(anonymous_5)
FNDA:0,(anonymous_6)
FNDA:0,(anonymous_7)
FNDA:0,(anonymous_8)
FNDA:0,(anonymous_9)
FNDA:0,(anonymous_10)
FNDA:0,(anonymous_11)
FNDA:0,(anonymous_12)
FNDA:0,(anonymous_13)
FNDA:0,(anonymous_14)
FNDA:0,(anonymous_15)
FNDA:0,(anonymous_16)
FNDA:0,(anonymous_17)
FNDA:0,(anonymous_18)
FNDA:0,(anonymous_19)
FNDA:0,(anonymous_20)
DA:1,0
DA:15,0
DA:16,0
DA:26,0
DA:31,0
DA:34,0
DA:36,0
DA:42,0
DA:43,0
DA:47,0
DA:48,0
DA:49,0
DA:52,0
DA:53,0
DA:54,0
DA:56,0
DA:59,0
DA:60,0
DA:61,0
DA:62,0
DA:63,0
DA:66,0
DA:70,0
DA:73,0
DA:74,0
DA:75,0
DA:82,0
DA:85,0
DA:89,0
DA:95,0
DA:96,0
DA:97,0
DA:99,0
DA:102,0
DA:103,0
DA:104,0
DA:105,0
DA:108,0
DA:111,0
DA:114,0
DA:117,0
DA:118,0
DA:119,0
DA:126,0
DA:129,0
DA:133,0
DA:139,0
DA:141,0
DA:142,0
DA:143,0
DA:149,0
DA:150,0
DA:151,0
DA:157,0
DA:158,0
DA:159,0
DA:165,0
DA:166,0
DA:167,0
DA:169,0
DA:173,0
DA:179,0
DA:183,0
DA:184,0
DA:186,0
DA:187,0
DA:192,0
DA:193,0
DA:194,0
DA:197,0
DA:198,0
LF:71
LH:0
BRDA:42,0,0,0
BRDA:42,0,1,0
BRDA:42,1,0,0
BRDA:42,1,1,0
BRDA:43,2,0,0
BRDA:43,2,1,0
BRDA:43,3,0,0
BRDA:43,3,1,0
BRDA:48,4,0,0
BRDA:49,5,0,0
BRDA:49,5,1,0
BRDA:49,6,0,0
BRDA:49,6,1,0
BRDA:60,7,0,0
BRDA:60,8,0,0
BRDA:60,8,1,0
BRDA:60,9,0,0
BRDA:60,9,1,0
BRDA:61,10,0,0
BRDA:61,10,1,0
BRDA:61,11,0,0
BRDA:61,11,1,0
BRDA:61,12,0,0
BRDA:61,12,1,0
BRDA:61,13,0,0
BRDA:61,13,1,0
BRDA:62,14,0,0
BRDA:62,14,1,0
BRDA:62,15,0,0
BRDA:62,15,1,0
BRDA:62,16,0,0
BRDA:62,16,1,0
BRDA:73,17,0,0
BRDA:73,17,1,0
BRDA:73,18,0,0
BRDA:73,18,1,0
BRDA:77,19,0,0
BRDA:77,19,1,0
BRDA:103,20,0,0
BRDA:103,21,0,0
BRDA:103,21,1,0
BRDA:103,22,0,0
BRDA:103,22,1,0
BRDA:104,23,0,0
BRDA:104,23,1,0
BRDA:104,24,0,0
BRDA:104,24,1,0
BRDA:117,25,0,0
BRDA:117,25,1,0
BRDA:117,26,0,0
BRDA:117,26,1,0
BRDA:121,27,0,0
BRDA:121,27,1,0
BRDA:141,28,0,0
BRDA:141,28,1,0
BRDA:149,29,0,0
BRDA:149,29,1,0
BRDA:166,30,0,0
BRDA:167,31,0,0
BRDA:167,31,1,0
BRDA:167,32,0,0
BRDA:167,32,1,0
BRDA:173,33,0,0
BRDA:173,33,1,0
BRDA:186,34,0,0
BRDA:186,34,1,0
BRDA:192,35,0,0
BRDA:192,35,1,0
BRDA:192,36,0,0
BRDA:192,36,1,0
BRDA:193,37,0,0
BRDA:197,38,0,0
BRDA:197,38,1,0
BRDA:197,39,0,0
BRDA:197,39,1,0
BRF:75
BRH:0
end_of_record
